<?xml version="1.0" encoding="UTF-8"?>
<!-- Generated by org.testng.reporters.JUnitReportReporter -->
<testsuite hostname="DESKTOP-UCS52DJ" failures="0" tests="3" name="com.mycompany.tesNG.Yahoo2" time="0.047" errors="0" timestamp="01 Sep 2018 18:00:00 GMT" skipped="0">
  <testcase classname="com.mycompany.tesNG.Yahoo2" name="testLogin" time="0.020"/>
  <testcase classname="com.mycompany.tesNG.Yahoo2" name="testCompose" time="0.005"/>
  <testcase classname="com.mycompany.tesNG.Yahoo2" name="testAddCart" time="0.022"/>
</testsuite> <!-- com.mycompany.tesNG.Yahoo2 -->
