<?xml version="1.0" encoding="UTF-8"?>
<!-- Generated by org.testng.reporters.JUnitReportReporter -->
<testsuite hostname="DESKTOP-UCS52DJ" failures="0" tests="4" name="com.mycompany.tesNG.DataDrivenTestCases" time="0.033" errors="0" timestamp="01 Sep 2018 03:28:50 GMT" skipped="0">
  <testcase classname="com.mycompany.tesNG.DataDrivenTestCases" name="runWithMultipleData" time="0.005"/>
  <testcase classname="com.mycompany.tesNG.DataDrivenTestCases" name="runWithMultipleData" time="0.007"/>
  <testcase classname="com.mycompany.tesNG.DataDrivenTestCases" name="runwithoutparameter" time="0.003"/>
  <testcase classname="com.mycompany.tesNG.DataDrivenTestCases" name="runWithMultipleData" time="0.018"/>
</testsuite> <!-- com.mycompany.tesNG.DataDrivenTestCases -->
